18:59:58.294 [main] INFO  api.test.UserTests - *********Creating User ***************
19:00:01.983 [main] INFO  api.test.UserTests - *************User is Created*************
19:00:02.001 [main] INFO  api.test.UserTests - *********Fetch User Details ***************
19:00:03.534 [main] INFO  api.test.UserTests - *********User Info is displaced ***************
19:00:03.541 [main] INFO  api.test.UserTests - *********Updating User ***************
19:00:05.007 [main] INFO  api.test.UserTests - *********User is Updated ***************
19:00:06.486 [main] INFO  api.test.UserTests - *********Deleting User ***************
19:00:07.977 [main] INFO  api.test.UserTests - ********* User Deleted ***************
20:59:59.926 [main] INFO  api.test.UserTests2 - *********Creating User ***************
21:00:03.652 [main] INFO  api.test.UserTests2 - *************User is Created*************
21:00:03.673 [main] INFO  api.test.UserTests2 - *********Fetch User Details ***************
21:00:05.215 [main] INFO  api.test.UserTests2 - *********User Info is displaced ***************
21:00:05.220 [main] INFO  api.test.UserTests2 - *********Updating User ***************
21:00:06.740 [main] INFO  api.test.UserTests2 - *********User is Updated ***************
21:00:08.263 [main] INFO  api.test.UserTests2 - *********Deleting User ***************
21:00:09.807 [main] INFO  api.test.UserTests2 - ********* User Deleted ***************
21:45:38.149 [main] INFO  api.test.UserTests2 - *********Creating User ***************
21:45:42.508 [main] INFO  api.test.UserTests2 - *************User is Created*************
21:45:42.533 [main] INFO  api.test.UserTests2 - *********Fetch User Details ***************
21:45:44.056 [main] INFO  api.test.UserTests2 - *********User Info is displaced ***************
21:45:44.064 [main] INFO  api.test.UserTests2 - *********Updating User ***************
21:45:45.587 [main] INFO  api.test.UserTests2 - *********User is Updated ***************
21:45:47.115 [main] INFO  api.test.UserTests2 - *********Deleting User ***************
21:45:48.700 [main] INFO  api.test.UserTests2 - ********* User Deleted ***************
23:01:49.138 [main] INFO  api.test.UserTests2 - *********Creating User ***************
23:01:53.342 [main] INFO  api.test.UserTests2 - *************User is Created*************
23:01:53.357 [main] INFO  api.test.UserTests2 - *********Fetch User Details ***************
23:01:54.942 [main] INFO  api.test.UserTests2 - *********User Info is displaced ***************
23:01:54.948 [main] INFO  api.test.UserTests2 - *********Updating User ***************
23:01:56.560 [main] INFO  api.test.UserTests2 - *********User is Updated ***************
23:01:58.076 [main] INFO  api.test.UserTests2 - *********Deleting User ***************
23:01:59.662 [main] INFO  api.test.UserTests2 - ********* User Deleted ***************
23:05:45.531 [main] INFO  api.test.UserTests2 - *********Creating User ***************
23:05:49.675 [main] INFO  api.test.UserTests2 - *************User is Created*************
23:05:49.686 [main] INFO  api.test.UserTests2 - *********Fetch User Details ***************
23:05:51.234 [main] INFO  api.test.UserTests2 - *********User Info is displaced ***************
23:05:51.236 [main] INFO  api.test.UserTests2 - *********Updating User ***************
23:05:52.766 [main] INFO  api.test.UserTests2 - *********User is Updated ***************
23:05:54.320 [main] INFO  api.test.UserTests2 - *********Deleting User ***************
23:05:55.936 [main] INFO  api.test.UserTests2 - ********* User Deleted ***************
00:20:33.206 [main] INFO  api.test.UserTests2 - *********Creating User ***************
00:20:37.385 [main] INFO  api.test.UserTests2 - *************User is Created*************
00:20:37.397 [main] INFO  api.test.UserTests2 - *********Fetch User Details ***************
00:20:38.972 [main] INFO  api.test.UserTests2 - *********User Info is displaced ***************
00:20:38.981 [main] INFO  api.test.UserTests2 - *********Updating User ***************
00:20:40.553 [main] INFO  api.test.UserTests2 - *********User is Updated ***************
00:20:42.067 [main] INFO  api.test.UserTests2 - *********Deleting User ***************
00:20:43.623 [main] INFO  api.test.UserTests2 - ********* User Deleted ***************
00:21:54.808 [main] INFO  api.test.UserTests2 - *********Creating User ***************
00:21:59.131 [main] INFO  api.test.UserTests2 - *************User is Created*************
00:21:59.146 [main] INFO  api.test.UserTests2 - *********Fetch User Details ***************
00:22:00.702 [main] INFO  api.test.UserTests2 - *********User Info is displaced ***************
00:22:00.709 [main] INFO  api.test.UserTests2 - *********Updating User ***************
00:22:02.292 [main] INFO  api.test.UserTests2 - *********User is Updated ***************
00:22:03.775 [main] INFO  api.test.UserTests2 - *********Deleting User ***************
00:22:05.329 [main] INFO  api.test.UserTests2 - ********* User Deleted ***************
14:23:29.085 [main] INFO  api.test.UserTests2 - *********Creating User ***************
14:23:33.236 [main] INFO  api.test.UserTests2 - *************User is Created*************
14:23:33.256 [main] INFO  api.test.UserTests2 - *********Fetch User Details ***************
14:23:34.791 [main] INFO  api.test.UserTests2 - *********User Info is displaced ***************
14:23:34.794 [main] INFO  api.test.UserTests2 - *********Updating User ***************
14:23:36.278 [main] INFO  api.test.UserTests2 - *********User is Updated ***************
14:23:37.815 [main] INFO  api.test.UserTests2 - *********Deleting User ***************
14:23:39.368 [main] INFO  api.test.UserTests2 - ********* User Deleted ***************
